[1.253] State: auto
[1.253] Motor: 20.0%
[1.253] Angle: 0.0
[1.278] State: auto
[1.278] Motor: 20.0%
[1.278] Angle: -1.34783932838
[1.303] State: auto
[1.303] Motor: 20.0%
[1.303] Angle: -1.0782714627
[1.328] State: auto
[1.328] Motor: 20.0%
[1.328] Angle: -0.787575469388
[1.353] State: auto
[1.353] Motor: 20.0%
[1.353] Angle: -0.617009928162
[1.378] State: auto
[1.378] Motor: 20.0%
[1.378] Angle: -0.49360794253
[1.403] State: auto
[1.403] Motor: 20.0%
[1.403] Angle: -0.214084062661
[1.428] State: auto
[1.429] Motor: 20.0%
[1.429] Angle: 1.1108178763
[1.453] State: auto
[1.453] Motor: 20.0%
[1.453] Angle: 2.37470291078
[1.493] State: auto
[1.493] Motor: 20.0%
[1.493] Angle: 4.33408489589
[1.533] State: auto
[1.533] Motor: 20.0%
[1.533] Angle: 6.22219318678
[1.534] State: auto
[1.534] Motor: 20.0%
[1.534] Angle: 10.5253368638
[1.573] State: auto
[1.573] Motor: 20.0%
[1.573] Angle: 12.3903992483
[1.578] State: auto
[1.579] Motor: 20.0%
[1.579] Angle: 12.3999127726
[1.618] State: auto
[1.618] Motor: 20.0%
[1.618] Angle: 10.7126860699
[1.658] State: auto
[1.658] Motor: 20.0%
[1.658] Angle: 11.2328378297
[1.659] State: auto
[1.660] Motor: 20.0%
[1.660] Angle: 10.6835387595
[1.698] State: auto
[1.698] Motor: 20.0%
[1.698] Angle: 8.33755941802
[1.704] State: auto
[1.704] Motor: 20.0%
[1.704] Angle: 8.99306728322
[1.743] State: auto
[1.743] Motor: 20.0%
[1.743] Angle: 9.43761980197
[1.783] State: auto
[1.783] Motor: 20.0%
[1.783] Angle: 7.16216503004
[1.784] State: auto
[1.785] Motor: 20.0%
[1.785] Angle: 4.25126873214
[1.823] State: auto
[1.823] Motor: 20.0%
[1.823] Angle: 2.15541316668
[1.829] State: auto
[1.829] Motor: 20.0%
[1.829] Angle: 3.42752325846
[1.868] State: auto
[1.868] Motor: 20.0%
[1.868] Angle: -0.274353254134
[1.908] State: auto
[1.908] Motor: 20.0%
[1.908] Angle: 2.49304726759
[1.909] State: auto
[1.909] Motor: 20.0%
[1.909] Angle: 1.99443781407
[1.948] State: auto
[1.948] Motor: 20.0%
[1.948] Angle: 1.59555025126
[1.953] State: auto
[1.954] Motor: 20.0%
[1.954] Angle: 1.27644020101
[1.993] State: auto
[1.993] Alert: left 0.485799998045
[1.993] Motor: 20.0%
[1.993] Angle: 5.18110944423
[2.033] State: auto
[2.033] Alert: left 0.463800001144
[2.033] Motor: 20.0%
[2.033] Angle: 10.8115542221
[2.034] State: auto
[2.035] Alert: left 0.447000002861
[2.035] Motor: 20.0%
[2.035] Angle: 15.91131155
[2.073] State: auto
[2.073] Alert: left 0.428600001335
[2.073] Motor: 20.0%
[2.073] Angle: 19.3957159067
[2.079] State: auto
[2.079] Alert: left 0.414400005341
[2.079] Motor: 20.0%
[2.079] Angle: 20.8005156063
[2.119] State: auto
[2.119] Alert: left 0.40339999795
[2.119] Motor: 20.0%
[2.119] Angle: 25.5019322213
[2.159] State: auto
[2.159] Alert: left 0.384799998999
[2.159] Motor: 20.0%
[2.159] Angle: 27.0682124437
[2.161] State: auto
[2.161] Alert: left 0.368599998951
[2.161] Motor: 20.0%
[2.161] Angle: 27.5893918689
[2.199] State: auto
[2.199] Alert: left 0.351399999857
[2.199] Motor: 20.0%
[2.199] Angle: 28.6863837951
[2.205] State: auto
[2.205] Alert: left 0.336600005627
[2.205] Motor: 20.0%
[2.205] Angle: 30.222268411
[2.244] State: auto
[2.244] Alert: left 0.323800003529
[2.244] Motor: 20.0%
[2.244] Angle: 32.9406076482
[2.284] State: auto
[2.285] Alert: left 0.312800002098
[2.285] Motor: 20.0%
[2.285] Angle: 33.0191527852
[2.286] State: auto
[2.287] Alert: left 0.300200003386
[2.287] Motor: 20.0%
[2.287] Angle: 34.3657841951
[2.324] State: auto
[2.324] Alert: left 0.293799996376
[2.324] Motor: 20.0%
[2.325] Angle: 35.1832575915
[2.330] State: auto
[2.330] Alert: left 0.284000003338
[2.330] Motor: 20.0%
[2.330] Angle: 39.4986870961
[2.369] State: auto
[2.369] Alert: left 0.278200000525
[2.369] Motor: 20.0%
[2.369] Angle: 38.2656163435
[2.409] State: auto
[2.410] Alert: left 0.273199999332
[2.410] Motor: 20.0%
[2.410] Angle: 37.2791597415
[2.411] State: auto
[2.411] Alert: left 0.29319999814
[2.412] Motor: 20.0%
[2.412] Angle: 35.9672683957
[2.449] State: auto
[2.449] Alert: left 0.29319999814
[2.449] Motor: 20.0%
[2.449] Angle: 35.4404813833
[2.455] State: auto
[2.455] Alert: left 0.280600002408
[2.455] Motor: 20.0%
[2.455] Angle: 35.0190517733
[2.494] State: auto
[2.495] Alert: left 0.291599994898
[2.495] Motor: 20.0%
[2.495] Angle: 36.5558447939
[2.534] State: auto
[2.534] Alert: left 0.267999997735
[2.535] Motor: 20.0%
[2.535] Angle: 42.7158790358
[2.536] State: auto
[2.536] Motor: 20.0%
[2.536] Angle: 39.9505338041
[2.574] State: auto
[2.574] Alert: left 0.248600000143
[2.574] Motor: 20.0%
[2.574] Angle: 38.62709371
[2.580] State: auto
[2.580] Alert: left 0.24699999392
[2.580] Motor: 20.0%
[2.580] Angle: 37.5683416347
[2.619] State: auto
[2.619] Alert: left 0.22879999876
[2.619] Motor: 20.0%
[2.619] Angle: 41.9062000871
[2.659] State: auto
[2.659] Alert: left 0.231599995494
[2.659] Motor: 20.0%
[2.659] Angle: 40.1916267363
[2.661] State: auto
[2.661] Alert: left 0.228600001335
[2.661] Motor: 20.0%
[2.661] Angle: 41.610134368
[2.699] State: auto
[2.699] Alert: left 0.236600002646
[2.699] Motor: 20.0%
[2.699] Angle: 43.1646783984
[2.704] State: auto
[2.705] Alert: left 0.236999997497
[2.705] Motor: 20.0%
[2.705] Angle: 49.4469924687
[2.744] State: auto
[2.744] Alert: left 0.297800004482
[2.744] Motor: 20.0%
[2.744] Angle: 44.3122696363
[2.784] State: auto
[2.784] Alert: left 0.268200004101
[2.784] Motor: 20.0%
[2.784] Angle: 46.026338862
[2.786] State: auto
[2.786] Alert: left 0.276400002837
[2.786] Motor: 20.0%
[2.786] Angle: 43.4877377563
[2.824] State: auto
[2.824] Alert: left 0.259800001979
[2.824] Motor: 20.0%
[2.824] Angle: 41.4568568717
[2.830] State: auto
[2.830] Alert: left 0.276800003648
[2.830] Motor: 20.0%
[2.830] Angle: 39.832152164
[2.870] State: auto
[2.870] Alert: left 0.310800004005
[2.870] Motor: 20.0%
[2.870] Angle: 38.5323883979
[2.910] State: auto
[2.910] Alert: left 0.337400007248
[2.910] Motor: 20.0%
[2.910] Angle: 34.4735479063
[2.912] State: auto
[2.912] Alert: left 0.352399998903
[2.912] Motor: 20.0%
[2.912] Angle: 34.2455049917
[2.950] State: auto
[2.950] Alert: left 0.362000000477
[2.950] Motor: 20.0%
[2.950] Angle: 34.06307066
[2.955] State: auto
[2.955] Alert: left 0.368200004101
[2.955] Motor: 20.0%
[2.955] Angle: 33.9171231947
[2.994] State: auto
[2.994] Alert: left 0.373199999332
[2.995] Motor: 20.0%
[2.995] Angle: 33.8003652224
[3.034] State: auto
[3.034] Alert: left 0.403200000525
[3.034] Motor: 20.0%
[3.034] Angle: 33.7069588446
[3.036] State: auto
[3.036] Alert: left 0.448600000143
[3.036] Motor: 20.0%
[3.036] Angle: 33.6322337423
[3.074] State: auto
[3.074] Motor: 20.0%
[3.074] Angle: 26.9057869939
[3.080] State: auto
[3.080] Motor: 20.0%
[3.080] Angle: 21.5246295951
[3.120] State: auto
[3.120] Motor: 20.0%
[3.120] Angle: 17.2197036761
[3.160] State: auto
[3.160] Motor: 20.0%
[3.160] Angle: 9.28762585318
[3.161] State: auto
[3.162] Motor: 20.0%
[3.162] Angle: 7.43010068254
[3.200] State: auto
[3.200] Motor: 20.0%
[3.200] Angle: 5.94408054604
[3.205] State: auto
[3.206] Motor: 20.0%
[3.206] Angle: 4.75526443683
[3.245] State: auto
[3.245] Motor: 20.0%
[3.245] Angle: 3.2485281629
[3.285] State: auto
[3.285] Motor: 20.0%
[3.285] Angle: 4.83426409874
[3.286] State: auto
[3.287] Motor: 20.0%
[3.287] Angle: 4.06758323657
[3.325] State: auto
[3.325] Motor: 20.0%
[3.325] Angle: 4.13411390223
[3.330] State: auto
[3.331] Motor: 20.0%
[3.331] Angle: 4.97332839772
[3.370] State: auto
[3.370] Motor: 20.0%
[3.370] Angle: 4.46082520782
[3.410] State: auto
[3.410] Motor: 20.0%
[3.410] Angle: 2.12932674799
[3.412] State: auto
[3.412] Motor: 20.0%
[3.412] Angle: 1.33065967034
[3.450] State: auto
[3.450] Motor: 20.0%
[3.450] Angle: 3.33069382914
[3.456] State: auto
[3.456] Motor: 20.0%
[3.456] Angle: 2.87549693894
[3.495] State: auto
[3.495] Motor: 20.0%
[3.495] Angle: 2.30039755115
[3.535] State: auto
[3.535] Motor: 20.0%
[3.535] Angle: 1.64690182089
[3.536] State: auto
[3.537] Motor: 20.0%
[3.537] Angle: 2.69820407315
[3.575] State: auto
[3.575] Motor: 20.0%
[3.575] Angle: 2.8723325872
[3.581] State: auto
[3.581] Motor: 20.0%
[3.581] Angle: 5.76502405382
[3.620] State: auto
[3.620] Motor: 20.0%
[3.620] Angle: 3.4883350032
[3.660] State: auto
[3.660] Motor: 20.0%
[3.660] Angle: 6.43231679469
[3.661] State: auto
[3.662] Motor: 20.0%
[3.667] Angle: 5.69512451589
[3.700] State: auto
[3.700] Motor: 20.0%
[3.700] Angle: 7.05396962902
[3.706] State: auto
[3.706] Motor: 20.0%
[3.706] Angle: 7.16590188953
[3.746] State: auto
[3.746] Motor: 20.0%
[3.746] Angle: 7.25816861405
[3.786] State: auto
[3.786] Motor: 20.0%
[3.786] Angle: 5.97120076905
[3.788] State: auto
[3.788] Motor: 20.0%
[3.788] Angle: 8.21140705945
[3.826] State: auto
[3.826] Motor: 20.0%
[3.826] Angle: 8.36521572548
[3.831] State: auto
[3.831] Motor: 20.0%
[3.831] Angle: 7.62288578962
[3.871] State: auto
[3.871] Motor: 20.0%
[3.871] Angle: 8.52388449665
[3.911] State: auto
[3.911] Motor: 20.0%
[3.911] Angle: 9.51815205468
[3.912] State: auto
[3.913] Motor: 20.0%
[3.913] Angle: 9.64391458381
[3.951] State: auto
[3.951] Motor: 20.0%
[3.951] Angle: 6.97909284427
[3.956] State: auto
[3.956] Motor: 20.0%
[3.956] Angle: 8.62282577844
[3.996] State: auto
[3.996] Motor: 20.0%
[3.996] Angle: 10.3320951267
[4.036] State: auto
[4.036] Motor: 20.0%
[4.036] Angle: 8.28198659251
[4.037] State: auto
[4.038] Motor: 20.0%
[4.038] Angle: 9.77870973148
[4.076] State: auto
[4.076] Motor: 20.0%
[4.076] Angle: 7.82296778518
[4.081] State: auto
[4.081] Motor: 20.0%
[4.081] Angle: 7.39532996351
[4.121] State: auto
[4.121] Motor: 20.0%
[4.121] Angle: 8.79421108545
[4.161] State: auto
[4.161] Motor: 20.0%
[4.161] Angle: 9.70826053491
[4.162] State: auto
[4.163] Motor: 20.0%
[4.163] Angle: 7.17196004613
[4.202] State: auto
[4.202] Motor: 20.0%
[4.202] Angle: 6.12709975075
[4.206] State: auto
[4.206] Motor: 20.0%
[4.206] Angle: 3.67274164821
[4.246] State: auto
[4.246] Motor: 20.0%
[4.246] Angle: 2.93819331856
[4.286] State: auto
[4.286] Motor: 20.0%
[4.286] Angle: 5.76679794804
[4.287] State: auto
[4.288] Motor: 20.0%
[4.288] Angle: 4.61343835843
[4.326] State: auto
[4.326] Alert: right 0.451600009203
[4.326] Motor: 20.0%
[4.326] Angle: -2.97591597992
[4.331] State: auto
[4.332] Alert: right 0.322000002861
[4.332] Motor: 20.0%
[4.332] Angle: -9.0473994506
[4.371] State: auto
[4.371] Alert: right 0.29279999733
[4.371] Motor: 20.0%
[4.371] Angle: -13.9716390594
[4.411] State: auto
[4.411] Alert: right 0.277200001478
[4.411] Motor: 20.0%
[4.411] Angle: -18.4155009106
[4.412] State: auto
[4.413] Alert: right 0.26400000453
[4.413] Motor: 20.0%
[4.413] Angle: -18.95020005
[4.451] State: auto
[4.451] Alert: right 0.252000004053
[4.451] Motor: 20.0%
[4.451] Angle: -25.3476418889
[4.457] State: auto
[4.457] Alert: right 0.2393999964
[4.457] Motor: 20.0%
[4.457] Angle: -27.5904767105
[4.496] State: auto
[4.496] Alert: right 0.221399998665
[4.496] Motor: 20.0%
[4.496] Angle: -26.7812082313
[4.536] State: auto
[4.536] Alert: right 0.213599997759
[4.536] Motor: 20.0%
[4.536] Angle: -28.742321493
[4.537] State: auto
[4.538] Alert: right 0.198400002718
[4.538] Motor: 20.0%
[4.538] Angle: -24.1714809525
[4.576] State: auto
[4.576] Alert: right 0.184599995613
[4.576] Motor: 20.0%
[4.576] Angle: -26.3602989861
[4.581] State: auto
[4.582] Alert: right 0.174200001359
[4.582] Motor: 20.0%
[4.582] Angle: -27.7549058556
[4.621] State: auto
[4.621] Alert: right 0.161999997497
[4.621] Motor: 20.0%
[4.621] Angle: -27.8533346177
[4.661] State: auto
[4.661] Alert: right 0.158600002527
[4.661] Motor: 20.0%
[4.661] Angle: -28.9493343608
[4.663] State: auto
[4.663] Alert: right 0.149800002575
[4.663] Motor: 20.0%
[4.663] Angle: -31.897492306
[4.701] State: auto
[4.701] Alert: right 0.145199999213
[4.701] Motor: 20.0%
[4.701] Angle: -34.1693063891
[4.707] State: auto
[4.707] Alert: right 0.138599997759
[4.707] Motor: 20.0%
[4.707] Angle: -34.0021117779
[4.747] State: auto
[4.747] Alert: right 0.140200003982
[4.747] Motor: 20.0%
[4.747] Angle: -33.075056121
[4.787] State: auto
[4.787] Alert: right 0.141400003433
[4.787] Motor: 20.0%
[4.787] Angle: -33.1267115635
[4.788] State: auto
[4.789] Alert: right 0.148200005293
[4.789] Motor: 20.0%
[4.789] Angle: -31.1262167127
[4.827] State: auto
[4.827] Alert: right 0.161799997091
[4.827] Motor: 20.0%
[4.827] Angle: -31.2670927794
[4.832] State: auto
[4.832] Alert: right 0.172400000691
[4.832] Motor: 20.0%
[4.832] Angle: -31.9645141379
[4.872] State: auto
[4.872] Alert: right 0.190200001001
[4.872] Motor: 20.0%
[4.872] Angle: -34.9058163839
[4.912] State: auto
[4.912] Alert: right 0.229400002956
[4.912] Motor: 20.0%
[4.912] Angle: -38.0453438592
[4.913] State: auto
[4.914] Alert: right 0.326999998093
[4.914] Motor: 20.0%
[4.914] Angle: -38.7086952924
[4.952] State: auto
[4.952] Motor: 20.0%
[4.952] Angle: -29.9759719297
[4.957] State: auto
[4.957] Motor: 20.0%
[4.957] Angle: -22.2388022271
[4.996] State: auto
[4.996] Motor: 20.0%
[4.996] Angle: -14.3587967114
[5.036] State: auto
[5.036] Motor: 20.0%
[5.036] Angle: -9.8188741599
[5.037] State: auto
[5.038] Motor: 20.0%
[5.038] Angle: -6.92118026208
[5.076] State: auto
[5.076] Motor: 20.0%
[5.076] Angle: -3.67612378465
[5.082] State: auto
[5.082] Motor: 20.0%
[5.082] Angle: -2.31998426659
[5.122] State: auto
[5.122] Motor: 20.0%
[5.122] Angle: 1.22132841848
[5.162] State: auto
[5.162] Motor: 20.0%
[5.162] Angle: 5.08228789939
[5.164] State: auto
[5.164] Motor: 20.0%
[5.164] Angle: 6.19977099674
[5.202] State: auto
[5.202] Motor: 20.0%
[5.202] Angle: 6.39199860786
[5.207] State: auto
[5.207] Motor: 20.0%
[5.207] Angle: 7.11530363993
[5.247] State: auto
[5.247] Motor: 20.0%
[5.247] Angle: 7.26228214118
[5.287] State: auto
[5.287] Motor: 20.0%
[5.287] Angle: 7.68152883518
[5.288] State: auto
[5.289] Motor: 20.0%
[5.289] Angle: 7.13899043466
[5.327] State: auto
[5.327] Motor: 20.0%
[5.327] Angle: 5.71119234773
[5.332] State: auto
[5.332] Motor: 20.0%
[5.332] Angle: 7.00291882023
[5.372] State: auto
[5.372] Motor: 20.0%
[5.372] Angle: 6.88026945928
[5.412] State: auto
[5.412] Motor: 20.0%
[5.412] Angle: 5.26105813985
[5.414] State: auto
[5.414] Motor: 20.0%
[5.414] Angle: 5.97679833575
[5.452] State: auto
[5.452] Motor: 20.0%
[5.452] Angle: 5.44022553747
[5.457] State: auto
[5.457] Motor: 20.0%
[5.457] Angle: 5.74901228613
[5.497] State: auto
[5.497] Motor: 20.0%
[5.497] Angle: 5.85352251722
[5.537] State: auto
[5.537] Motor: 20.0%
[5.537] Angle: 6.24900358279
[5.538] State: auto
[5.539] Motor: 20.0%
[5.539] Angle: 4.99920286623
[5.577] State: auto
[5.577] Motor: 20.0%
[5.577] Angle: 5.8678886999
[5.582] State: auto
[5.583] Motor: 20.0%
[5.583] Angle: 7.95652900786
[5.622] State: auto
[5.622] Motor: 20.0%
[5.622] Angle: 5.96844549356
[5.662] State: auto
[5.662] Motor: 20.0%
[5.662] Angle: 5.20261137789
[5.663] State: auto
[5.664] Motor: 20.0%
[5.664] Angle: 5.41408383236
[5.702] State: auto
[5.702] Motor: 20.0%
[5.702] Angle: 7.81774331542
[5.708] State: auto
[5.708] Motor: 20.0%
[5.708] Angle: 6.50662889378
[5.747] State: auto
[5.747] Motor: 20.0%
[5.747] Angle: 4.32738609529
[5.787] State: auto
[5.787] Motor: 20.0%
[5.787] Angle: 4.38060570489
[5.788] State: auto
[5.789] Motor: 20.0%
[5.789] Angle: 3.70293970269
[5.827] State: auto
[5.827] Motor: 20.0%
[5.827] Angle: 2.96235176215
[5.833] State: auto
[5.833] Motor: 20.0%
[5.833] Angle: 2.36988140972
[5.872] State: auto
[5.872] Alert: left 0.45759999752
[5.872] Motor: 20.0%
[5.872] Angle: 5.36752984267
[5.912] State: auto
[5.912] Alert: left 0.40680000186
[5.912] Motor: 20.0%
[5.912] Angle: 14.2588292726
[5.913] State: auto
[5.914] Alert: left 0.361000007391
[5.914] Motor: 20.0%
[5.914] Angle: 18.0737300848
[5.952] State: auto
[5.952] Alert: left 0.331000006199
[5.952] Motor: 20.0%
[5.952] Angle: 21.1256507345
[5.958] State: auto
[5.958] Alert: left 0.301600003242
[5.958] Motor: 20.0%
[5.958] Angle: 23.5671872543
[5.998] State: auto
[5.998] Alert: left 0.267199993134
[5.998] Motor: 20.0%
[5.998] Angle: 25.5204164701
[6.038] State: auto
[6.038] Alert: left 0.245999997854
[6.038] Motor: 20.0%
[6.038] Angle: 27.0829998427
[6.040] State: auto
[6.040] Alert: left 0.227199998498
[6.040] Motor: 20.0%
[6.040] Angle: 28.3330665408
[6.078] State: auto
[6.078] Alert: left 0.209400001168
[6.078] Motor: 20.0%
[6.078] Angle: 29.3331198993
[6.083] State: auto
[6.083] Alert: left 0.200199997425
[6.083] Motor: 20.0%
[6.083] Angle: 34.6196617279
[6.122] State: auto
[6.122] Alert: left 0.187799999118
[6.122] Motor: 20.0%
[6.122] Angle: 37.245006133
[6.162] State: auto
[6.162] Alert: left 0.177599999309
[6.162] Motor: 20.0%
[6.162] Angle: 34.5265724984
[6.164] State: auto
[6.164] Alert: left 0.16780000031
[6.164] Motor: 20.0%
[6.164] Angle: 41.1147821524
[6.202] State: auto
[6.202] Alert: left 0.1606000036
[6.202] Motor: 20.0%
[6.202] Angle: 39.0150684906
[6.208] State: auto
[6.208] Alert: left 0.152000001073
[6.208] Motor: 20.0%
[6.208] Angle: 36.6996522911
[6.248] State: auto
[6.248] Alert: left 0.146999999881
[6.248] Motor: 20.0%
[6.248] Angle: 39.5864631103
[6.288] State: auto
[6.288] Alert: left 0.146999999881
[6.288] Motor: 20.0%
[6.288] Angle: 39.7334845895
[6.289] State: auto
[6.290] Alert: left 0.145399999619
[6.290] Motor: 20.0%
[6.290] Angle: 38.5165587743
[6.328] State: auto
[6.328] Alert: left 0.144599997997
[6.328] Motor: 20.0%
[6.328] Angle: 32.4445423286
[6.333] State: auto
[6.333] Alert: left 0.150800001621
[6.333] Motor: 20.0%
[6.333] Angle: 32.6223005295
[6.373] State: auto
[6.373] Alert: left 0.160000002384
[6.373] Motor: 20.0%
[6.373] Angle: 32.7645070903
[6.413] State: auto
[6.413] Alert: left 0.173200002313
[6.413] Motor: 20.0%
[6.413] Angle: 28.18009386
[6.414] State: auto
[6.415] Alert: left 0.182400000095
[6.415] Motor: 20.0%
[6.415] Angle: 29.2107417547
[6.453] State: auto
[6.453] Alert: left 0.201000002027
[6.453] Motor: 20.0%
[6.453] Angle: 39.7613478608
[6.458] State: auto
[6.458] Alert: left 0.212600001693
[6.458] Motor: 20.0%
[6.458] Angle: 42.3105937045
[6.498] State: auto
[6.498] Alert: left 0.237200000882
[6.498] Motor: 20.0%
[6.498] Angle: 40.9143438449
[6.538] State: auto
[6.538] Alert: left 0.262199997902
[6.538] Motor: 20.0%
[6.538] Angle: 39.3981417426
[6.539] State: auto
[6.539] Alert: left 0.288800001144
[6.540] Motor: 20.0%
[6.540] Angle: 38.4365643775
[6.578] State: auto
[6.578] Alert: left 0.312200003862
[6.578] Motor: 20.0%
[6.578] Angle: 37.4159181687
[6.583] State: auto
[6.583] Alert: left 0.353199994564
[6.583] Motor: 20.0%
[6.583] Angle: 36.5994012016
[6.623] State: auto
[6.623] Alert: left 0.384600007534
[6.623] Motor: 20.0%
[6.623] Angle: 35.946187628
[6.663] State: auto
[6.663] Motor: 20.0%
[6.663] Angle: 28.7569501024
[6.664] State: auto
[6.665] Motor: 20.0%
[6.665] Angle: 23.0055600819
[6.703] State: auto
[6.703] Motor: 20.0%
[6.703] Angle: 15.2888938543
[6.708] State: auto
[6.708] Motor: 20.0%
[6.709] Angle: 12.6585235035
[6.748] State: auto
[6.748] Motor: 20.0%
[6.748] Angle: 12.2169288829
[6.788] State: auto
[6.788] Motor: 20.0%
[6.788] Angle: 12.510005239
[6.789] State: auto
[6.790] Motor: 20.0%
[6.790] Angle: 10.0080041912
[6.828] State: auto
[6.828] Motor: 20.0%
[6.828] Angle: 9.16198879452
[6.833] State: auto
[6.833] Motor: 20.0%
[6.833] Angle: 10.0504866146
[6.873] State: auto
[6.873] Motor: 20.0%
[6.873] Angle: 8.04038929171
[6.913] State: auto
[6.913] Motor: 20.0%
[6.913] Angle: 8.22087108633
[6.914] State: auto
[6.914] Motor: 20.0%
[6.914] Angle: 7.14111064924
[6.953] State: auto
[6.953] Motor: 20.0%
[6.953] Angle: 7.83165607757
[6.958] State: auto
[6.959] Motor: 20.0%
[6.959] Angle: 7.8980608275
[6.998] State: auto
[6.998] Motor: 20.0%
[6.998] Angle: 7.66388826436
[7.038] State: auto
[7.038] Motor: 20.0%
[7.038] Angle: 8.80094934506
[7.040] State: auto
[7.040] Motor: 20.0%
[7.040] Angle: 8.59927389398
[7.078] State: auto
[7.078] Motor: 20.0%
[7.078] Angle: 7.66647682012
[7.083] State: auto
[7.083] Motor: 20.0%
[7.083] Angle: 7.30723503971
[7.123] State: auto
[7.123] Motor: 20.0%
[7.123] Angle: 8.61068836395
[7.163] State: auto
[7.163] Motor: 20.0%
[7.163] Angle: 6.55972290091
[7.164] State: auto
[7.165] Motor: 20.0%
[7.165] Angle: 9.32792685234
[7.203] State: auto
[7.203] Motor: 20.0%
[7.203] Angle: 8.63408784295
[7.208] State: auto
[7.208] Motor: 20.0%
[7.208] Angle: 6.91967064945
[7.248] State: auto
[7.248] Motor: 20.0%
[7.248] Angle: 7.55394306435
[7.288] State: auto
[7.288] Motor: 20.0%
[7.288] Angle: 6.71366892167
[7.289] State: auto
[7.290] Motor: 20.0%
[7.290] Angle: 6.98057539434
[7.328] State: auto
[7.328] Motor: 20.0%
[7.328] Angle: 7.69109603193
[7.333] State: auto
[7.333] Motor: 20.0%
[7.333] Angle: 5.97704629391
[7.373] State: auto
[7.373] Motor: 20.0%
[7.373] Angle: 8.98745986514
[7.413] State: auto
[7.413] Motor: 20.0%
[7.413] Angle: 8.44264252543
[7.414] State: auto
[7.415] Motor: 20.0%
[7.415] Angle: 7.52214589799
[7.453] State: auto
[7.453] Motor: 20.0%
[7.453] Angle: 10.3481057007
[7.458] State: auto
[7.459] Motor: 20.0%
[7.459] Angle: 8.27848456053
[7.498] State: auto
[7.498] Motor: 20.0%
[7.498] Angle: 6.62184927346
[7.538] State: auto
[7.538] Motor: 20.0%
[7.538] Angle: 7.56397386583
[7.539] State: auto
[7.539] Motor: 20.0%
[7.539] Angle: 6.8244456062
[7.578] State: auto
[7.578] Motor: 20.0%
[7.578] Angle: 8.42237188685
[7.584] State: auto
[7.584] Motor: 20.0%
[7.584] Angle: 11.2487994046
[7.623] State: auto
[7.623] Motor: 20.0%
[7.623] Angle: 10.5818245175
[7.663] State: auto
[7.663] Motor: 20.0%
[7.663] Angle: 10.313212513
[7.664] State: auto
[7.664] Motor: 20.0%
[7.664] Angle: 7.59531871215
[7.704] State: auto
[7.704] Motor: 20.0%
[7.704] Angle: 8.86954011724
[7.709] State: auto
[7.709] Motor: 20.0%
[7.709] Angle: 10.622809637
[7.748] State: auto
[7.748] Motor: 20.0%
[7.748] Angle: 9.41558491533
[7.788] State: auto
[7.788] Motor: 20.0%
[7.788] Angle: 7.84425342162
[7.789] State: auto
[7.789] Motor: 20.0%
[7.790] Angle: 8.04819080895
[7.828] State: auto
[7.828] Motor: 20.0%
[7.828] Angle: 7.75949636966
[7.833] State: auto
[7.834] Motor: 20.0%
[7.834] Angle: 10.3474071947
[7.873] State: auto
[7.873] Motor: 20.0%
[7.873] Angle: 8.27792575577
[7.913] State: auto
[7.913] Motor: 20.0%
[7.913] Angle: 9.19721309939
[7.914] State: auto
[7.914] Motor: 20.0%
[7.914] Angle: 8.57948009593
[7.953] State: auto
[7.953] Motor: 20.0%
[7.953] Angle: 7.85248004558
[7.959] State: auto
[7.959] Motor: 20.0%
[7.959] Angle: 8.823456025
[7.999] State: auto
[7.999] Motor: 20.0%
[7.999] Angle: 6.85425299547
[8.039] State: auto
[8.039] Motor: 20.0%
[8.039] Angle: 5.91077553517
[8.040] State: auto
[8.040] Motor: 20.0%
[8.041] Angle: 7.37445399396
[8.079] State: auto
[8.079] Motor: 20.0%
[8.079] Angle: 9.00320700682
[8.084] State: auto
[8.084] Motor: 20.0%
[8.084] Angle: 8.00627313592
[8.124] State: auto
[8.124] Motor: 20.0%
[8.124] Angle: 7.43492883039
[8.164] State: auto
[8.164] Motor: 20.0%
[8.164] Angle: 5.97122949904
[8.165] State: auto
[8.165] Motor: 13.9199995995%
[8.166] Angle: 6.29323006632
[8.205] State: COLLISION AVOID
[8.205] Motor: 10.0%
[8.205] Angle: -13.7499463337
[8.209] State: COLLISION AVOID
[8.210] Motor: 10.0%
[8.210] Angle: -29.7844874537
[8.249] State: COLLISION AVOID
[8.249] Motor: 10.0%
[8.249] Angle: -42.6121203497
[8.289] State: COLLISION AVOID
[8.289] Motor: 10.0%
[8.289] Angle: -52.8742266665
[8.290] State: COLLISION AVOID
[8.291] Motor: 10.0%
[8.291] Angle: -61.0839117199
[8.329] State: COLLISION AVOID
[8.329] Motor: 10.0%
[8.329] Angle: -67.6516597627
[8.334] State: COLLISION AVOID
[8.335] Motor: 10.0%
[8.335] Angle: -72.9058581969
[8.374] State: COLLISION AVOID
[8.374] Motor: 10.0%
[8.374] Angle: -76.667227994
[8.414] State: COLLISION AVOID
[8.414] Motor: 10.0%
[8.414] Angle: -65.9746663731
[8.415] State: auto
[8.416] Motor: 20.0%
[8.416] Angle: -51.2919861051
[8.454] State: auto
[8.454] Motor: 20.0%
[8.454] Angle: -39.1464466699
[8.459] State: auto
[8.460] Motor: 20.0%
[8.460] Angle: -28.1601915203
[8.499] State: auto
[8.499] Motor: 20.0%
[8.499] Angle: -20.3494176879
[8.539] State: auto
[8.539] Motor: 20.0%
[8.539] Angle: -14.7177198575
[8.540] State: auto
[8.541] Motor: 20.0%
[8.541] Angle: -11.912441025
[8.579] State: auto
[8.579] Motor: 20.0%
[8.579] Angle: -6.94764496914
[8.584] State: auto
[8.585] Motor: 20.0%
[8.585] Angle: -2.49125346821
[8.624] State: auto
[8.624] Motor: 20.0%
[8.624] Angle: -1.41180021042
[8.664] State: auto
[8.664] Motor: 20.0%
[8.664] Angle: -0.512510020196
[8.665] State: auto
[8.666] Motor: 20.0%
[8.666] Angle: 3.49212511823
[8.704] State: auto
[8.704] Motor: 20.0%
[8.704] Angle: 4.1067416314
[8.710] State: auto
[8.710] Motor: 20.0%
[8.710] Angle: 6.64861078742
[8.749] State: auto
[8.749] Motor: 20.0%
[8.749] Angle: 5.54280352905
[8.789] State: auto
[8.792] Motor: 20.0%
[8.792] Angle: 4.54855064826
[8.793] State: auto
[8.793] Motor: 20.0%
[8.793] Angle: 6.61153638101
[8.829] State: auto
[8.829] Motor: 20.0%
[8.829] Angle: 7.46593055862
[8.835] State: auto
[8.835] Motor: 20.0%
[8.835] Angle: 5.68982004445
[8.874] State: auto
[8.874] Motor: 20.0%
[8.874] Angle: 4.55185603556
[8.914] State: auto
[8.914] Motor: 20.0%
[8.914] Angle: 3.64148482844
[8.915] State: auto
[8.916] Motor: 20.0%
[8.916] Angle: 5.19302369501
[8.954] State: auto
[8.954] Motor: 20.0%
[8.954] Angle: 7.77782081598
[8.959] State: auto
[8.960] Motor: 20.0%
[8.960] Angle: 7.42237369666
[8.999] State: auto
[8.999] Motor: 20.0%
[8.999] Angle: 6.98428493803
[9.039] State: auto
[9.039] Motor: 20.0%
[9.039] Angle: 8.55351859219
[9.041] State: auto
[9.041] Motor: 20.0%
[9.041] Angle: 7.48168342012
[9.079] State: auto
[9.079] Motor: 20.0%
[9.079] Angle: 6.92790968069
[9.085] State: auto
[9.085] Motor: 20.0%
[9.085] Angle: 7.19097923359
[9.125] State: auto
[9.125] Motor: 20.0%
[9.125] Angle: 6.05823427241
[9.165] State: auto
[9.165] Motor: 20.0%
[9.165] Angle: 4.16430940998
[9.166] State: auto
[9.167] Motor: 20.0%
[9.167] Angle: 3.33144752798
[9.205] State: auto
[9.205] Motor: 20.0%
[9.205] Angle: 2.66515802238
[9.210] State: auto
[9.210] Motor: 20.0%
[9.210] Angle: 3.82442765541
[9.250] State: auto
[9.250] Motor: 20.0%
[9.250] Angle: 3.05954212433
[9.290] State: auto
[9.290] Motor: 20.0%
[9.290] Angle: 4.94342452932
[9.291] State: auto
[9.292] Motor: 20.0%
[9.292] Angle: 5.84141312923
[9.330] State: auto
[9.330] Motor: 20.0%
[9.330] Angle: 6.06878317154
[9.335] State: auto
[9.336] Motor: 10.7000005245%
[9.336] Angle: 6.14761393218
[9.375] State: COLLISION AVOID
[9.375] Motor: 10.0%
[9.375] Angle: -8.56257183768
[9.415] State: COLLISION AVOID
[9.415] Motor: 10.0%
[9.415] Angle: -20.7727094038
[9.417] State: COLLISION AVOID
[9.417] Motor: 10.0%
[9.417] Angle: -30.9828084071
[9.455] State: COLLISION AVOID
[9.455] Motor: 10.0%
[9.455] Angle: -39.5928765599
[9.460] State: COLLISION AVOID
[9.461] Motor: 10.0%
[9.461] Angle: -47.3649089827
[9.500] State: COLLISION AVOID
[9.500] Motor: 10.0%
[9.500] Angle: -54.0245238713
[9.540] State: COLLISION AVOID
[9.540] Motor: 10.0%
[9.540] Angle: -59.7942047324
[9.541] State: COLLISION AVOID
[9.542] Motor: 10.0%
[9.542] Angle: -64.8519383715
[9.580] State: COLLISION AVOID
[9.580] Motor: 10.0%
[9.580] Angle: -69.3401142331
[9.585] State: COLLISION AVOID
[9.586] Motor: 10.0%
[9.586] Angle: -73.3726438727
[9.625] State: COLLISION AVOID
[9.625] Motor: 10.0%
[9.625] Angle: -77.0406565346
[9.665] State: COLLISION AVOID
[9.665] Motor: 10.0%
[9.665] Angle: -80.4170556144
[9.666] State: COLLISION AVOID
[9.667] Motor: 10.0%
[9.667] Angle: -83.1181748783
[9.705] State: COLLISION AVOID
[9.705] Motor: 10.0%
[9.705] Angle: -85.2790702894
[9.710] State: COLLISION AVOID
[9.710] Motor: 10.0%
[9.710] Angle: -87.0077866182
[9.750] State: COLLISION AVOID
[9.750] Motor: 10.0%
[9.750] Angle: -88.3907596813
[9.790] State: COLLISION AVOID
[9.790] Motor: 10.0%
[9.790] Angle: -89.0551491815
[9.791] State: COLLISION AVOID
[9.792] Motor: 10.0%
[9.792] Angle: -89.5866607817
[9.830] State: COLLISION AVOID
[9.830] Motor: 10.0%
[9.830] Angle: -89.5698811115
[9.836] State: COLLISION AVOID
[9.836] Motor: 10.0%
[9.836] Angle: -88.6724794749
[9.875] State: COLLISION AVOID
[9.875] Motor: 10.0%
[9.875] Angle: -87.5125692153
[9.915] State: COLLISION AVOID
[9.915] Motor: 10.0%
[9.915] Angle: -86.1426520573
[9.916] State: COLLISION AVOID
[9.917] Motor: 10.0%
[9.917] Angle: -83.7207514801
[9.955] State: COLLISION AVOID
[9.955] Motor: 10.0%
[9.955] Angle: -80.8992531178
[9.961] State: COLLISION AVOID
[9.962] Motor: 10.0%
[9.962] Angle: -77.7580765274
[10.001] State: COLLISION AVOID
[10.001] Motor: 10.0%
[10.001] Angle: -66.8473451998
[10.041] State: auto
[10.041] Motor: 20.0%
[10.041] Angle: -51.5184001853
[10.042] State: auto
[10.043] Motor: 20.0%
[10.043] Angle: -41.2501316002
[10.081] State: auto
[10.081] Motor: 20.0%
[10.081] Angle: -31.5288840496
[10.086] State: auto
[10.086] Motor: 20.0%
[10.086] Angle: -23.7286813159
[10.126] State: auto
[10.126] Motor: 20.0%
[10.126] Angle: -15.3682539144
[10.166] State: auto
[10.166] Motor: 20.0%
[10.166] Angle: -9.38726476578
[10.167] State: auto
[10.168] Motor: 20.0%
[10.168] Angle: -7.85298133124
[10.206] State: auto
[10.206] Motor: 20.0%
[10.206] Angle: -7.56882883314
[10.212] State: auto
[10.213] Motor: 20.0%
[10.213] Angle: -4.43594026301
[10.251] State: auto
[10.251] Motor: 20.0%
[10.251] Angle: -1.97252083371
[10.291] State: auto
[10.291] Motor: 20.0%
[10.291] Angle: -0.643264070003
[10.292] State: auto
[10.293] Motor: 20.0%
[10.293] Angle: 3.02282076551
[10.331] State: auto
[10.331] Motor: 20.0%
[10.331] Angle: 3.55163235891
[10.336] State: auto
[10.337] Motor: 20.0%
[10.337] Angle: 2.16527312833
[10.376] State: auto
[10.376] Motor: 20.0%
[10.376] Angle: -0.503690869048
[10.416] State: auto
[10.416] Motor: 20.0%
[10.416] Angle: -0.402952695239
[10.417] State: auto
[10.418] Motor: 20.0%
[10.418] Angle: 0.675223589011
[10.456] State: auto
[10.456] Motor: 20.0%
[10.456] Angle: 0.540178871209
[10.461] State: auto
[10.462] Motor: 20.0%
[10.462] Angle: 3.21797429245
[10.501] State: auto
[10.501] Motor: 20.0%
[10.501] Angle: 4.74667908356
[10.541] State: auto
[10.541] Motor: 20.0%
[10.541] Angle: 4.46162182051
[10.542] State: auto
[10.543] Motor: 20.0%
[10.543] Angle: 5.70955611713
[10.581] State: auto
[10.581] Motor: 20.0%
[10.581] Angle: 6.15551577435
[10.587] State: auto
[10.587] Motor: 20.0%
[10.587] Angle: 5.36242190263
[10.626] State: auto
[10.626] Motor: 20.0%
[10.626] Angle: 5.26075351749
[10.666] State: auto
[10.666] Motor: 20.0%
[10.666] Angle: 4.71157456725
[10.668] State: auto
[10.668] Motor: 20.0%
[10.668] Angle: 7.24028159549
[10.706] State: auto
[10.706] Motor: 20.0%
[10.706] Angle: 7.70491839861
[10.711] State: auto
[10.712] Motor: 20.0%
[10.712] Angle: 9.27669105611
[10.751] State: auto
[10.751] Motor: 20.0%
[10.751] Angle: 7.42135284489
[10.791] State: auto
[10.791] Alert: left 0.493800002337
[10.791] Motor: 20.0%
[10.791] Angle: 12.6037489426
[10.792] State: auto
[10.793] Alert: left 0.468000000715
[10.793] Motor: 20.0%
[10.793] Angle: 16.7496658207
[10.831] State: auto
[10.831] Motor: 20.0%
[10.831] Angle: 13.3997326566
[10.837] State: auto
[10.837] Motor: 20.0%
[10.837] Angle: 10.7197861253
[10.876] State: auto
[10.876] Motor: 20.0%
[10.876] Angle: 12.0136825719
[10.916] State: auto
[10.916] Motor: 20.0%
[10.916] Angle: 13.0290727658
[10.917] State: auto
[10.918] Motor: 20.0%
[10.918] Angle: 12.0012468392
[10.956] State: auto
[10.956] Motor: 20.0%
[10.956] Angle: 11.9691867219
[10.962] State: auto
[10.962] Motor: 20.0%
[10.962] Angle: 11.4626810627
[11.002] State: auto
[11.002] Motor: 20.0%
[11.002] Angle: 11.0269279743
[11.042] State: auto
[11.042] Motor: 20.0%
[11.042] Angle: 10.2649992549
[11.043] State: auto
[11.044] Motor: 20.0%
[11.044] Angle: 10.6657820958
[11.082] State: auto
[11.082] Motor: 20.0%
[11.082] Angle: 8.53262567661
[11.088] State: auto
[11.088] Motor: 20.0%
[11.088] Angle: 6.82610054129
[11.127] State: auto
[11.127] Motor: 20.0%
[11.127] Angle: 5.46088043303
[11.167] State: auto
[11.167] Motor: 20.0%
[11.167] Angle: 5.25224656669
[11.168] State: auto
[11.169] Motor: 20.0%
[11.169] Angle: 4.75395967598
[11.207] State: auto
[11.207] Motor: 10.4400002956%
[11.207] Angle: 5.72989355762
[11.212] State: COLLISION AVOID
[11.213] Motor: 10.0%
[11.213] Angle: 12.3187214759
[11.252] State: COLLISION AVOID
[11.252] Motor: 10.0%
[11.252] Angle: 18.0317727609
[11.292] State: COLLISION AVOID
[11.292] Motor: 10.0%
[11.292] Angle: 23.0442027391
[11.293] State: COLLISION AVOID
[11.294] Motor: 10.0%
[11.294] Angle: 27.4961356719
[11.332] State: COLLISION AVOID
[11.332] Motor: 10.0%
[11.332] Angle: 31.4996709685
[11.338] State: COLLISION AVOID
[11.338] Motor: 10.0%
[11.338] Angle: 34.7024992057
[11.378] State: COLLISION AVOID
[11.378] Motor: 10.0%
[11.378] Angle: 37.7067507458
[11.418] State: COLLISION AVOID
[11.419] Motor: 10.0%
[11.419] Angle: 39.6681630276
[11.420] State: COLLISION AVOID
[11.421] Motor: 10.0%
[11.421] Angle: 40.7953039027
[11.458] State: COLLISION AVOID
[11.458] Motor: 10.0%
[11.458] Angle: 41.2550276526
[11.463] State: COLLISION AVOID
[11.463] Motor: 10.0%
[11.463] Angle: 40.7388287519
[11.502] State: COLLISION AVOID
[11.502] Motor: 10.0%
[11.502] Angle: 39.4418917308
[11.542] State: COLLISION AVOID
[11.542] Motor: 10.0%
[11.542] Angle: 37.0783752631
[11.543] State: auto
[11.544] Motor: 20.0%
[11.544] Angle: 31.2306522632
[11.582] State: auto
[11.582] Motor: 20.0%
[11.582] Angle: 27.2120293618
[11.588] State: auto
[11.588] Motor: 20.0%
[11.588] Angle: 25.0702696682
[11.628] State: auto
[11.628] Motor: 20.0%
[11.628] Angle: 22.731699021
[11.668] State: auto
[11.668] Motor: 20.0%
[11.668] Angle: 18.1853592168
[11.670] State: auto
[11.670] Motor: 20.0%
[11.670] Angle: 14.5597808276
[11.708] State: auto
[11.708] Motor: 20.0%
[11.708] Angle: 14.0382052426
[11.713] State: auto
[11.714] Motor: 20.0%
[11.714] Angle: 11.2305641941
[11.753] State: auto
[11.753] Motor: 20.0%
[11.753] Angle: 12.0726956855
[11.793] State: auto
[11.793] Motor: 20.0%
[11.793] Angle: 9.65815654842
[11.794] State: auto
[11.795] Motor: 20.0%
[11.795] Angle: 7.72652523874
[11.833] State: auto
[11.833] Motor: 20.0%
[11.833] Angle: 6.18122019099
[11.839] State: auto
[11.839] Motor: 20.0%
[11.839] Angle: 4.94497615279
[11.878] State: auto
[11.878] Motor: 20.0%
[11.878] Angle: 3.95598092223
[11.918] State: auto
[11.918] Motor: 20.0%
[11.918] Angle: 3.16478473779
[11.920] State: auto
[11.920] Motor: 20.0%
[11.920] Angle: 2.53182779023
[11.958] State: auto
[11.958] Motor: 20.0%
[11.958] Angle: 2.02546223218
[11.964] State: auto
[11.964] Motor: 20.0%
[11.964] Angle: 1.62036978575
[12.003] State: auto
[12.003] Motor: 20.0%
[12.003] Angle: 1.2962958286
[12.043] State: auto
[12.043] Motor: 20.0%
[12.043] Angle: 1.03703666288
[12.044] State: auto
[12.045] Motor: 20.0%
[12.045] Angle: 0.829629330302
[12.083] State: auto
[12.083] Motor: 20.0%
[12.083] Angle: 0.663703464242
[12.089] State: auto
[12.089] Motor: 20.0%
[12.089] Angle: 0.530962771393
[12.129] State: auto
[12.129] Motor: 20.0%
[12.129] Angle: 0.424770217115
[12.169] State: auto
[12.169] Motor: 20.0%
[12.169] Angle: 0.339816173692
[12.170] State: auto
[12.171] Motor: 20.0%
[12.171] Angle: 0.271852938953
[12.209] State: auto
[12.209] Motor: 20.0%
[12.209] Angle: 0.217482351163
[12.214] State: auto
[12.214] Motor: 20.0%
[12.214] Angle: 0.17398588093
[12.254] State: auto
[12.254] Motor: 20.0%
[12.254] Angle: 0.139188704744
[12.294] State: auto
[12.294] Motor: 20.0%
[12.294] Angle: 0.111350963795
[12.295] State: auto
[12.296] Motor: 20.0%
[12.296] Angle: 0.0890807710363
[12.334] State: auto
[12.334] Motor: 20.0%
[12.334] Angle: 0.071264616829
[12.340] State: auto
[12.340] Motor: 20.0%
[12.340] Angle: 0.0570116934632
[12.379] State: auto
[12.379] Motor: 20.0%
[12.379] Angle: 0.0456093547706
[12.419] State: auto
[12.419] Motor: 20.0%
[12.419] Angle: 0.0364874838165
[12.420] State: auto
[12.421] Motor: 20.0%
[12.421] Angle: 0.0291899870532
[12.459] State: auto
[12.459] Motor: 20.0%
[12.459] Angle: 0.0233519896425
[12.465] State: auto
[12.465] Motor: 20.0%
[12.465] Angle: 0.018681591714
[12.504] State: auto
[12.504] Motor: 20.0%
[12.504] Angle: 0.0149452733712
[12.544] State: auto
[12.544] Motor: 20.0%
[12.544] Angle: 0.011956218697
[12.545] State: auto
[12.546] Motor: 20.0%
[12.546] Angle: 0.00956497495758
[12.584] State: auto
[12.584] Motor: 20.0%
[12.584] Angle: -1.94093776801
[12.590] State: auto
[12.590] Motor: 20.0%
[12.590] Angle: 4.03544398772
[12.630] State: auto
[12.630] Motor: 20.0%
[12.630] Angle: 6.13846280508
[12.670] State: auto
[12.670] Motor: 20.0%
[12.670] Angle: 7.69983592114
[12.672] State: auto
[12.672] Motor: 20.0%
[12.672] Angle: 4.92375680441
[12.710] State: auto
[12.710] Motor: 20.0%
[12.710] Angle: 4.39976172556
[12.715] State: auto
[12.715] Motor: 20.0%
[12.716] Angle: 3.88019861343
[12.755] State: auto
[12.755] Motor: 20.0%
[12.755] Angle: 4.0345423423
[12.795] State: auto
[12.795] Motor: 20.0%
[12.795] Angle: 3.22763387384
[12.796] State: auto
[12.797] Motor: 20.0%
[12.797] Angle: 2.58210709907
[12.835] State: auto
[12.835] Motor: 20.0%
[12.835] Angle: 2.06568567926
[12.841] State: auto
[12.841] Motor: 20.0%
[12.841] Angle: 1.65254854341
[12.880] State: auto
[12.880] Motor: 20.0%
[12.880] Angle: 1.32203883472
[12.920] State: auto
[12.920] Motor: 20.0%
[12.920] Angle: 1.05763106778
[12.921] State: auto
[12.922] Motor: 20.0%
[12.922] Angle: 0.846104854224
[12.960] State: auto
[12.960] Alert: motors killed
[12.960] Angle: 0.676883883379
[12.966] State: auto
[12.966] Alert: motors killed
[12.967] Angle: 0.541507106703
[13.006] State: auto
[13.006] Alert: motors killed
[13.006] Angle: -1.06964865411
[13.046] State: auto
[13.046] Alert: motors killed
[13.046] Angle: 0.394889258258
[13.048] State: auto
[13.048] Alert: motors killed
[13.048] Angle: 0.807837127484
[13.086] State: auto
[13.087] Alert: motors killed
[13.087] Angle: 3.49631022574
[13.091] State: auto
[13.092] Alert: motors killed
[13.092] Angle: 5.07497759183
[13.131] State: auto
[13.131] Alert: motors killed
[13.131] Angle: 3.78694709258
[13.171] State: auto
[13.171] Alert: motors killed
[13.171] Angle: 6.20630714352
[13.173] State: auto
[13.173] Alert: motors killed
[13.173] Angle: 5.60929249603
[13.211] State: auto
[13.211] Alert: motors killed
[13.211] Angle: 6.85796871548
[13.216] State: auto
[13.216] Alert: motors killed
[13.216] Angle: 7.01451215481
[13.256] State: auto
[13.256] Alert: motors killed
[13.256] Angle: 6.83772110414
[13.296] State: auto
[13.296] Alert: motors killed
[13.296] Angle: 7.14917721539
[13.297] State: auto
[13.298] Alert: motors killed
[13.298] Angle: 6.74714840567
[13.336] State: auto
[13.336] Alert: motors killed
[13.336] Angle: 7.65917508516
[13.342] State: auto
[13.342] Alert: motors killed
[13.342] Angle: 8.66326771603
[13.381] State: auto
[13.381] Alert: motors killed
[13.381] Angle: 10.1404031808
